\BOOKMARK [0][-]{Doc-Start}{Table\040of\040Contents}{}% 1
\BOOKMARK [0][-]{section*.2}{Preface}{}% 2
\BOOKMARK [0][-]{chapter.6}{6\040Techniques\040of\040Antidifferentiation}{}% 3
\BOOKMARK [1][-]{section.6.1}{6.1\040Substitution}{chapter.6}% 4
\BOOKMARK [1][-]{section.6.2}{6.2\040Integration\040by\040Parts}{chapter.6}% 5
\BOOKMARK [1][-]{section.6.3}{6.3\040Trigonometric\040Integrals}{chapter.6}% 6
\BOOKMARK [1][-]{section.6.4}{6.4\040Trigonometric\040and\040Hyperbolic\040Substitution}{chapter.6}% 7
\BOOKMARK [1][-]{section.6.5}{6.5\040Partial\040Fraction\040Decomposition}{chapter.6}% 8
\BOOKMARK [1][-]{section.6.6}{6.6\040Improper\040Integration}{chapter.6}% 9
\BOOKMARK [0][-]{chapter.7}{7\040Applications\040of\040Integration}{}% 10
\BOOKMARK [1][-]{section.7.1}{7.1\040Area\040Between\040Curves}{chapter.7}% 11
\BOOKMARK [1][-]{section.7.2}{7.2\040Volume\040by\040Cross-Sectional\040Area;\040Disk\040and\040Washer\040Methods}{chapter.7}% 12
\BOOKMARK [1][-]{section.7.3}{7.3\040The\040Shell\040Method}{chapter.7}% 13
\BOOKMARK [1][-]{section.7.4}{7.4\040Arc\040Length\040and\040Surface\040Area}{chapter.7}% 14
\BOOKMARK [1][-]{section.7.5}{7.5\040Work}{chapter.7}% 15
\BOOKMARK [1][-]{section.7.6}{7.6\040Fluid\040Forces}{chapter.7}% 16
\BOOKMARK [0][-]{chapter.8}{8\040Differential\040Equations}{}% 17
\BOOKMARK [1][-]{section.8.1}{8.1\040Introduction\040to\040differential\040equations}{chapter.8}% 18
\BOOKMARK [1][-]{section.8.2}{8.2\040Integrals\040as\040solutions}{chapter.8}% 19
\BOOKMARK [1][-]{section.8.3}{8.3\040Slope\040fields}{chapter.8}% 20
\BOOKMARK [1][-]{section.8.4}{8.4\040Separable\040equations}{chapter.8}% 21
\BOOKMARK [1][-]{section.8.5}{8.5\040Linear\040equations\040and\040the\040integrating\040factor}{chapter.8}% 22
\BOOKMARK [1][-]{section.8.6}{8.6\040Numerical\040methods:\040Euler's\040method}{chapter.8}% 23
\BOOKMARK [0][-]{chapter.9}{9\040Sequences\040and\040Series}{}% 24
\BOOKMARK [1][-]{section.9.1}{9.1\040Sequences}{chapter.9}% 25
\BOOKMARK [1][-]{section.9.2}{9.2\040Infinite\040Series}{chapter.9}% 26
\BOOKMARK [1][-]{section.9.3}{9.3\040Integral\040and\040Comparison\040Tests}{chapter.9}% 27
\BOOKMARK [1][-]{section.9.4}{9.4\040Ratio\040and\040Root\040Tests}{chapter.9}% 28
\BOOKMARK [1][-]{section.9.5}{9.5\040Alternating\040Series\040and\040Absolute\040Convergence}{chapter.9}% 29
\BOOKMARK [1][-]{section.9.6}{9.6\040Power\040Series}{chapter.9}% 30
\BOOKMARK [1][-]{section.9.7}{9.7\040Taylor\040Polynomials}{chapter.9}% 31
\BOOKMARK [1][-]{section.9.8}{9.8\040Taylor\040Series}{chapter.9}% 32
\BOOKMARK [0][-]{chapter.10}{10\040Curves\040in\040the\040Plane}{}% 33
\BOOKMARK [1][-]{section.10.1}{10.1\040Conic\040Sections}{chapter.10}% 34
\BOOKMARK [1][-]{section.10.2}{10.2\040Parametric\040Equations}{chapter.10}% 35
\BOOKMARK [1][-]{section.10.3}{10.3\040Calculus\040and\040Parametric\040Equations}{chapter.10}% 36
\BOOKMARK [1][-]{section.10.4}{10.4\040Introduction\040to\040Polar\040Coordinates}{chapter.10}% 37
\BOOKMARK [1][-]{section.10.5}{10.5\040Calculus\040and\040Polar\040Functions}{chapter.10}% 38
\BOOKMARK [0][-]{chapter.11}{11\040Functions\040of\040Several\040Variables}{}% 39
\BOOKMARK [1][-]{section.11.1}{11.1\040Introduction\040to\040Cartesian\040Coordinates\040in\040Space}{chapter.11}% 40
\BOOKMARK [1][-]{section.11.2}{11.2\040Introduction\040to\040Multivariable\040Functions}{chapter.11}% 41
\BOOKMARK [1][-]{section.11.3}{11.3\040Limits\040and\040Continuity\040of\040Multivariable\040Functions}{chapter.11}% 42
\BOOKMARK [1][-]{section.11.4}{11.4\040Partial\040Derivatives}{chapter.11}% 43
\BOOKMARK [1][-]{section.11.5}{11.5\040Tangent\040Lines,\040Normal\040Lines,\040and\040Tangent\040Planes}{chapter.11}% 44
\BOOKMARK [0][-]{appendix.A}{A\040Solutions\040To\040Selected\040Problems}{}% 45
\BOOKMARK [0][-]{section*.217}{Index}{}% 46
