\BOOKMARK [0][-]{Doc-Start}{Table\040of\040Contents}{}% 1
\BOOKMARK [0][-]{section*.2}{Preface}{}% 2
\BOOKMARK [0][-]{chapter.9}{9\040Curves\040in\040the\040Plane}{}% 3
\BOOKMARK [1][-]{section.9.1}{9.1\040Conic\040Sections}{chapter.9}% 4
\BOOKMARK [1][-]{section.9.2}{9.2\040Parametric\040Equations}{chapter.9}% 5
\BOOKMARK [1][-]{section.9.3}{9.3\040Calculus\040and\040Parametric\040Equations}{chapter.9}% 6
\BOOKMARK [1][-]{section.9.4}{9.4\040Introduction\040to\040Polar\040Coordinates}{chapter.9}% 7
\BOOKMARK [1][-]{section.9.5}{9.5\040Calculus\040and\040Polar\040Functions}{chapter.9}% 8
\BOOKMARK [0][-]{chapter.10}{10\040Sequences\040and\040Series}{}% 9
\BOOKMARK [1][-]{section.10.1}{10.1\040Sequences}{chapter.10}% 10
\BOOKMARK [1][-]{section.10.2}{10.2\040Infinite\040Series}{chapter.10}% 11
\BOOKMARK [1][-]{section.10.3}{10.3\040Integral\040and\040Comparison\040Tests}{chapter.10}% 12
\BOOKMARK [1][-]{section.10.4}{10.4\040Ratio\040and\040Root\040Tests}{chapter.10}% 13
\BOOKMARK [1][-]{section.10.5}{10.5\040Alternating\040Series\040and\040Absolute\040Convergence}{chapter.10}% 14
\BOOKMARK [1][-]{section.10.6}{10.6\040Power\040Series}{chapter.10}% 15
\BOOKMARK [1][-]{section.10.7}{10.7\040Taylor\040Polynomials}{chapter.10}% 16
\BOOKMARK [1][-]{section.10.8}{10.8\040Taylor\040Series}{chapter.10}% 17
\BOOKMARK [0][-]{chapter.11}{11\040Vectors}{}% 18
\BOOKMARK [1][-]{section.11.1}{11.1\040Introduction\040to\040Cartesian\040Coordinates\040in\040Space}{chapter.11}% 19
\BOOKMARK [1][-]{section.11.2}{11.2\040An\040Introduction\040to\040Vectors}{chapter.11}% 20
\BOOKMARK [1][-]{section.11.3}{11.3\040The\040Dot\040Product}{chapter.11}% 21
\BOOKMARK [1][-]{section.11.4}{11.4\040The\040Cross\040Product}{chapter.11}% 22
\BOOKMARK [1][-]{section.11.5}{11.5\040Lines}{chapter.11}% 23
\BOOKMARK [1][-]{section.11.6}{11.6\040Planes}{chapter.11}% 24
\BOOKMARK [0][-]{chapter.12}{12\040Vector\040Valued\040Functions}{}% 25
\BOOKMARK [1][-]{section.12.1}{12.1 Vector–Valued Functions}{chapter.12}% 26
\BOOKMARK [1][-]{section.12.2}{12.2 Calculus and Vector–Valued Functions}{chapter.12}% 27
\BOOKMARK [1][-]{section.12.3}{12.3\040The\040Calculus\040of\040Motion}{chapter.12}% 28
\BOOKMARK [1][-]{section.12.4}{12.4\040Unit\040Tangent\040and\040Normal\040Vectors}{chapter.12}% 29
\BOOKMARK [1][-]{section.12.5}{12.5\040The\040Arc\040Length\040Parameter\040and\040Curvature}{chapter.12}% 30
\BOOKMARK [0][-]{chapter.13}{13\040Functions\040of\040Several\040Variables}{}% 31
\BOOKMARK [1][-]{section.13.1}{13.1\040Introduction\040to\040Multivariable\040Functions}{chapter.13}% 32
\BOOKMARK [1][-]{section.13.2}{13.2\040Limits\040and\040Continuity\040of\040Multivariable\040Functions}{chapter.13}% 33
\BOOKMARK [1][-]{section.13.3}{13.3\040Partial\040Derivatives}{chapter.13}% 34
\BOOKMARK [1][-]{section.13.4}{13.4\040Differentiability\040and\040the\040Total\040Differential}{chapter.13}% 35
\BOOKMARK [1][-]{section.13.5}{13.5\040The\040Multivariable\040Chain\040Rule}{chapter.13}% 36
\BOOKMARK [1][-]{section.13.6}{13.6\040Directional\040Derivatives}{chapter.13}% 37
\BOOKMARK [1][-]{section.13.7}{13.7\040Tangent\040Lines,\040Normal\040Lines,\040and\040Tangent\040Planes}{chapter.13}% 38
\BOOKMARK [1][-]{section.13.8}{13.8\040Extreme\040Values}{chapter.13}% 39
\BOOKMARK [0][-]{appendix.A}{A\040Solutions\040To\040Selected\040Problems}{}% 40
\BOOKMARK [0][-]{section*.216}{Index}{}% 41
