\BOOKMARK [0][-]{Doc-Start}{Table\040of\040Contents}{}% 1
\BOOKMARK [0][-]{section*.2}{Preface}{}% 2
\BOOKMARK [0][-]{chapter.1}{1\040Sequences\040and\040Series}{}% 3
\BOOKMARK [1][-]{section.1.1}{1.1\040Sequences}{chapter.1}% 4
\BOOKMARK [1][-]{section.1.2}{1.2\040Infinite\040Series}{chapter.1}% 5
\BOOKMARK [1][-]{section.1.3}{1.3\040Integral\040and\040Comparison\040Tests}{chapter.1}% 6
\BOOKMARK [1][-]{section.1.4}{1.4\040Ratio\040and\040Root\040Tests}{chapter.1}% 7
\BOOKMARK [1][-]{section.1.5}{1.5\040Alternating\040Series\040and\040Absolute\040Convergence}{chapter.1}% 8
\BOOKMARK [1][-]{section.1.6}{1.6\040Power\040Series}{chapter.1}% 9
\BOOKMARK [1][-]{section.1.7}{1.7\040Taylor\040Polynomials}{chapter.1}% 10
\BOOKMARK [1][-]{section.1.8}{1.8\040Taylor\040Series}{chapter.1}% 11
\BOOKMARK [0][-]{chapter.2}{2\040Curves\040in\040the\040Plane}{}% 12
\BOOKMARK [1][-]{section.2.1}{2.1\040Conic\040Sections}{chapter.2}% 13
\BOOKMARK [1][-]{section.2.2}{2.2\040Parametric\040Equations}{chapter.2}% 14
\BOOKMARK [1][-]{section.2.3}{2.3\040Calculus\040and\040Parametric\040Equations}{chapter.2}% 15
\BOOKMARK [1][-]{section.2.4}{2.4\040Introduction\040to\040Polar\040Coordinates}{chapter.2}% 16
\BOOKMARK [1][-]{section.2.5}{2.5\040Calculus\040and\040Polar\040Functions}{chapter.2}% 17
\BOOKMARK [0][-]{chapter.3}{3\040Vectors}{}% 18
\BOOKMARK [1][-]{section.3.1}{3.1\040Introduction\040to\040Cartesian\040Coordinates\040in\040Space}{chapter.3}% 19
\BOOKMARK [1][-]{section.3.2}{3.2\040An\040Introduction\040to\040Vectors}{chapter.3}% 20
\BOOKMARK [1][-]{section.3.3}{3.3\040The\040Dot\040Product}{chapter.3}% 21
\BOOKMARK [1][-]{section.3.4}{3.4\040The\040Cross\040Product}{chapter.3}% 22
\BOOKMARK [1][-]{section.3.5}{3.5\040Lines}{chapter.3}% 23
\BOOKMARK [1][-]{section.3.6}{3.6\040Planes}{chapter.3}% 24
\BOOKMARK [0][-]{chapter.4}{4\040Vector\040Valued\040Functions}{}% 25
\BOOKMARK [1][-]{section.4.1}{4.1 Vector–Valued Functions}{chapter.4}% 26
\BOOKMARK [1][-]{section.4.2}{4.2 Calculus and Vector–Valued Functions}{chapter.4}% 27
\BOOKMARK [1][-]{section.4.3}{4.3\040The\040Calculus\040of\040Motion}{chapter.4}% 28
\BOOKMARK [1][-]{section.4.4}{4.4\040Unit\040Tangent\040and\040Normal\040Vectors}{chapter.4}% 29
\BOOKMARK [1][-]{section.4.5}{4.5\040The\040Arc\040Length\040Parameter\040and\040Curvature}{chapter.4}% 30
\BOOKMARK [0][-]{chapter.5}{5\040Functions\040of\040Several\040Variables}{}% 31
\BOOKMARK [1][-]{section.5.1}{5.1\040Introduction\040to\040Multivariable\040Functions}{chapter.5}% 32
\BOOKMARK [1][-]{section.5.2}{5.2\040Limits\040and\040Continuity\040of\040Multivariable\040Functions}{chapter.5}% 33
\BOOKMARK [1][-]{section.5.3}{5.3\040Partial\040Derivatives}{chapter.5}% 34
\BOOKMARK [1][-]{section.5.4}{5.4\040Differentiability\040and\040the\040Total\040Differential}{chapter.5}% 35
\BOOKMARK [1][-]{section.5.5}{5.5\040The\040Multivariable\040Chain\040Rule}{chapter.5}% 36
\BOOKMARK [1][-]{section.5.6}{5.6\040Directional\040Derivatives}{chapter.5}% 37
\BOOKMARK [1][-]{section.5.7}{5.7\040Tangent\040Lines,\040Normal\040Lines,\040and\040Tangent\040Planes}{chapter.5}% 38
\BOOKMARK [1][-]{section.5.8}{5.8\040Extreme\040Values}{chapter.5}% 39
\BOOKMARK [0][-]{appendix.A}{A\040Solutions\040To\040Selected\040Problems}{}% 40
\BOOKMARK [0][-]{section*.216}{Index}{}% 41
