\BOOKMARK [0][-]{Doc-Start}{Table\040of\040Contents}{}% 1
\BOOKMARK [0][-]{section*.2}{Preface}{}% 2
\BOOKMARK [0][-]{chapter.1}{1\040Limits}{}% 3
\BOOKMARK [1][-]{section.1.1}{1.1\040An\040Introduction\040To\040Limits}{chapter.1}% 4
\BOOKMARK [1][-]{section.1.2}{1.2\040Formal\040Definition\040of\040a\040Limit}{chapter.1}% 5
\BOOKMARK [1][-]{section.1.3}{1.3\040Finding\040Limits\040Analytically}{chapter.1}% 6
\BOOKMARK [1][-]{section.1.4}{1.4\040One\040Sided\040Limits}{chapter.1}% 7
\BOOKMARK [1][-]{section.1.5}{1.5\040Continuity}{chapter.1}% 8
\BOOKMARK [1][-]{section.1.6}{1.6\040Limits\040Involving\040Infinity}{chapter.1}% 9
\BOOKMARK [0][-]{chapter.2}{2\040Derivatives}{}% 10
\BOOKMARK [1][-]{section.2.1}{2.1\040Instantaneous\040Rates\040of\040Change:\040The\040Derivative}{chapter.2}% 11
\BOOKMARK [1][-]{section.2.2}{2.2\040Interpretations\040of\040the\040Derivative}{chapter.2}% 12
\BOOKMARK [1][-]{section.2.3}{2.3\040Basic\040Differentiation\040Rules}{chapter.2}% 13
\BOOKMARK [1][-]{section.2.4}{2.4\040The\040Product\040and\040Quotient\040Rules}{chapter.2}% 14
\BOOKMARK [1][-]{section.2.5}{2.5\040The\040Chain\040Rule}{chapter.2}% 15
\BOOKMARK [1][-]{section.2.6}{2.6\040Implicit\040Differentiation}{chapter.2}% 16
\BOOKMARK [1][-]{section.2.7}{2.7\040Derivatives\040of\040Inverse\040Functions}{chapter.2}% 17
\BOOKMARK [0][-]{chapter.3}{3\040The\040Graphical\040Behavior\040of\040Functions}{}% 18
\BOOKMARK [1][-]{section.3.1}{3.1\040Extreme\040Values}{chapter.3}% 19
\BOOKMARK [1][-]{section.3.2}{3.2\040The\040Mean\040Value\040Theorem}{chapter.3}% 20
\BOOKMARK [1][-]{section.3.3}{3.3\040Increasing\040and\040Decreasing\040Functions}{chapter.3}% 21
\BOOKMARK [1][-]{section.3.4}{3.4\040Concavity\040and\040the\040Second\040Derivative}{chapter.3}% 22
\BOOKMARK [1][-]{section.3.5}{3.5\040Curve\040Sketching}{chapter.3}% 23
\BOOKMARK [0][-]{chapter.4}{4\040Applications\040of\040the\040Derivative}{}% 24
\BOOKMARK [1][-]{section.4.1}{4.1\040Newton's\040Method}{chapter.4}% 25
\BOOKMARK [1][-]{section.4.2}{4.2\040Related\040Rates}{chapter.4}% 26
\BOOKMARK [1][-]{section.4.3}{4.3\040Optimization}{chapter.4}% 27
\BOOKMARK [1][-]{section.4.4}{4.4\040Differentials}{chapter.4}% 28
\BOOKMARK [0][-]{chapter.5}{5\040Integration}{}% 29
\BOOKMARK [1][-]{section.5.1}{5.1\040Antiderivatives\040and\040Indefinite\040Integration}{chapter.5}% 30
\BOOKMARK [1][-]{section.5.2}{5.2\040The\040Definite\040Integral}{chapter.5}% 31
\BOOKMARK [1][-]{section.5.3}{5.3\040Riemann\040Sums}{chapter.5}% 32
\BOOKMARK [1][-]{section.5.4}{5.4\040The\040Fundamental\040Theorem\040of\040Calculus}{chapter.5}% 33
\BOOKMARK [1][-]{section.5.5}{5.5\040Numerical\040Integration}{chapter.5}% 34
\BOOKMARK [1][-]{section.5.6}{5.6\040Substitution}{chapter.5}% 35
\BOOKMARK [1][-]{section.5.7}{5.7\040Area\040Between\040Curves}{chapter.5}% 36
\BOOKMARK [0][-]{chapter.6}{6\040Techniques\040of\040Antidifferentiation}{}% 37
\BOOKMARK [1][-]{section.6.1}{6.1\040Integration\040by\040Parts}{chapter.6}% 38
\BOOKMARK [1][-]{section.6.2}{6.2\040Trigonometric\040Integrals}{chapter.6}% 39
\BOOKMARK [1][-]{section.6.3}{6.3\040Trigonometric\040Substitution}{chapter.6}% 40
\BOOKMARK [1][-]{section.6.4}{6.4\040Partial\040Fraction\040Decomposition}{chapter.6}% 41
\BOOKMARK [1][-]{section.6.5}{6.5\040Hyperbolic\040Functions}{chapter.6}% 42
\BOOKMARK [1][-]{section.6.6}{6.6 L'Hôpital's Rule}{chapter.6}% 43
\BOOKMARK [1][-]{section.6.7}{6.7\040Improper\040Integration}{chapter.6}% 44
\BOOKMARK [0][-]{chapter.7}{7\040Applications\040of\040Integration}{}% 45
\BOOKMARK [1][-]{section.7.1}{7.1\040Volume\040by\040Cross-Sectional\040Area;\040Disk\040and\040Washer\040Methods}{chapter.7}% 46
\BOOKMARK [1][-]{section.7.2}{7.2\040The\040Shell\040Method}{chapter.7}% 47
\BOOKMARK [1][-]{section.7.3}{7.3\040Arc\040Length\040and\040Surface\040Area}{chapter.7}% 48
\BOOKMARK [1][-]{section.7.4}{7.4\040Work}{chapter.7}% 49
\BOOKMARK [1][-]{section.7.5}{7.5\040Fluid\040Forces}{chapter.7}% 50
\BOOKMARK [0][-]{appendix.A}{A\040Solutions\040To\040Selected\040Problems}{}% 51
\BOOKMARK [0][-]{section*.298}{Index}{}% 52
