\BOOKMARK [0][-]{Doc-Start}{Table\040of\040Contents}{}% 1
\BOOKMARK [0][-]{section*.2}{Preface}{}% 2
\BOOKMARK [0][-]{chapter.1}{1\040Techniques\040of\040Antidifferentiation}{}% 3
\BOOKMARK [1][-]{section.1.1}{1.1\040Substitution}{chapter.1}% 4
\BOOKMARK [1][-]{section.1.2}{1.2\040Integration\040by\040Parts}{chapter.1}% 5
\BOOKMARK [1][-]{section.1.3}{1.3\040Trigonometric\040Integrals}{chapter.1}% 6
\BOOKMARK [1][-]{section.1.4}{1.4\040Trigonometric\040Substitution}{chapter.1}% 7
\BOOKMARK [1][-]{section.1.5}{1.5\040Partial\040Fraction\040Decomposition}{chapter.1}% 8
\BOOKMARK [1][-]{section.1.6}{1.6\040Improper\040Integration}{chapter.1}% 9
\BOOKMARK [0][-]{chapter.2}{2\040Applications\040of\040Integration}{}% 10
\BOOKMARK [1][-]{section.2.1}{2.1\040Area\040Between\040Curves}{chapter.2}% 11
\BOOKMARK [1][-]{section.2.2}{2.2\040Volume\040by\040Cross-Sectional\040Area;\040Disk\040and\040Washer\040Methods}{chapter.2}% 12
\BOOKMARK [1][-]{section.2.3}{2.3\040The\040Shell\040Method}{chapter.2}% 13
\BOOKMARK [1][-]{section.2.4}{2.4\040Arc\040Length\040and\040Surface\040Area}{chapter.2}% 14
\BOOKMARK [1][-]{section.2.5}{2.5\040Work}{chapter.2}% 15
\BOOKMARK [1][-]{section.2.6}{2.6\040Fluid\040Forces}{chapter.2}% 16
\BOOKMARK [0][-]{chapter.3}{3\040Sequences\040and\040Series}{}% 17
\BOOKMARK [1][-]{section.3.1}{3.1\040Sequences}{chapter.3}% 18
\BOOKMARK [1][-]{section.3.2}{3.2\040Infinite\040Series}{chapter.3}% 19
\BOOKMARK [1][-]{section.3.3}{3.3\040Integral\040and\040Comparison\040Tests}{chapter.3}% 20
\BOOKMARK [1][-]{section.3.4}{3.4\040Ratio\040and\040Root\040Tests}{chapter.3}% 21
\BOOKMARK [1][-]{section.3.5}{3.5\040Alternating\040Series\040and\040Absolute\040Convergence}{chapter.3}% 22
\BOOKMARK [1][-]{section.3.6}{3.6\040Power\040Series}{chapter.3}% 23
\BOOKMARK [1][-]{section.3.7}{3.7\040Taylor\040Polynomials}{chapter.3}% 24
\BOOKMARK [1][-]{section.3.8}{3.8\040Taylor\040Series}{chapter.3}% 25
\BOOKMARK [0][-]{chapter.4}{4\040Differential\040Equations}{}% 26
\BOOKMARK [1][-]{section.4.1}{4.1\040Introduction\040to\040differential\040equations}{chapter.4}% 27
\BOOKMARK [1][-]{section.4.2}{4.2\040Integrals\040as\040solutions}{chapter.4}% 28
\BOOKMARK [1][-]{section.4.3}{4.3\040Slope\040fields}{chapter.4}% 29
\BOOKMARK [1][-]{section.4.4}{4.4\040Separable\040equations}{chapter.4}% 30
\BOOKMARK [1][-]{section.4.5}{4.5\040Linear\040equations\040and\040the\040integrating\040factor}{chapter.4}% 31
\BOOKMARK [1][-]{section.4.6}{4.6\040Numerical\040methods:\040Euler's\040method}{chapter.4}% 32
\BOOKMARK [0][-]{chapter.5}{5\040Curves\040in\040the\040Plane}{}% 33
\BOOKMARK [1][-]{section.5.1}{5.1\040Conic\040Sections}{chapter.5}% 34
\BOOKMARK [1][-]{section.5.2}{5.2\040Parametric\040Equations}{chapter.5}% 35
\BOOKMARK [1][-]{section.5.3}{5.3\040Calculus\040and\040Parametric\040Equations}{chapter.5}% 36
\BOOKMARK [1][-]{section.5.4}{5.4\040Introduction\040to\040Polar\040Coordinates}{chapter.5}% 37
\BOOKMARK [1][-]{section.5.5}{5.5\040Calculus\040and\040Polar\040Functions}{chapter.5}% 38
\BOOKMARK [0][-]{chapter.6}{6\040Functions\040of\040Several\040Variables}{}% 39
\BOOKMARK [1][-]{section.6.1}{6.1\040Introduction\040to\040Cartesian\040Coordinates\040in\040Space}{chapter.6}% 40
\BOOKMARK [1][-]{section.6.2}{6.2\040Introduction\040to\040Multivariable\040Functions}{chapter.6}% 41
\BOOKMARK [1][-]{section.6.3}{6.3\040Limits\040and\040Continuity\040of\040Multivariable\040Functions}{chapter.6}% 42
\BOOKMARK [1][-]{section.6.4}{6.4\040Partial\040Derivatives}{chapter.6}% 43
\BOOKMARK [1][-]{section.6.5}{6.5\040Tangent\040Lines,\040Normal\040Lines,\040and\040Tangent\040Planes}{chapter.6}% 44
\BOOKMARK [0][-]{appendix.A}{A\040Solutions\040To\040Selected\040Problems}{}% 45
\BOOKMARK [0][-]{section*.216}{Index}{}% 46
